2026-04-22 00:39:31 - __main__ - INFO - Test info message
2026-04-22 00:39:31 - __main__ - WARNING - Test warning
2026-04-22 00:49:55 - PIL.Image - DEBUG - Importing AvifImagePlugin
2026-04-22 00:49:55 - PIL.Image - DEBUG - Importing BlpImagePlugin
2026-04-22 00:49:55 - PIL.Image - DEBUG - Importing BmpImagePlugin
2026-04-22 00:49:55 - PIL.Image - DEBUG - Importing BufrStubImagePlugin
2026-04-22 00:49:55 - PIL.Image - DEBUG - Importing CurImagePlugin
2026-04-22 00:49:55 - PIL.Image - DEBUG - Importing DcxImagePlugin
2026-04-22 00:49:55 - PIL.Image - DEBUG - Importing DdsImagePlugin
2026-04-22 00:49:55 - PIL.Image - DEBUG - Importing EpsImagePlugin
2026-04-22 00:49:55 - PIL.Image - DEBUG - Importing FitsImagePlugin
2026-04-22 00:49:55 - PIL.Image - DEBUG - Importing FliImagePlugin
2026-04-22 00:49:55 - PIL.Image - DEBUG - Importing FpxImagePlugin
2026-04-22 00:49:55 - PIL.Image - DEBUG - Image: failed to import FpxImagePlugin: No module named 'olefile'
2026-04-22 00:49:55 - PIL.Image - DEBUG - Importing FtexImagePlugin
2026-04-22 00:49:55 - PIL.Image - DEBUG - Importing GbrImagePlugin
2026-04-22 00:49:55 - PIL.Image - DEBUG - Importing GifImagePlugin
2026-04-22 00:49:55 - PIL.Image - DEBUG - Importing GribStubImagePlugin
2026-04-22 00:49:55 - PIL.Image - DEBUG - Importing Hdf5StubImagePlugin
2026-04-22 00:49:55 - PIL.Image - DEBUG - Importing IcnsImagePlugin
2026-04-22 00:49:55 - PIL.Image - DEBUG - Importing IcoImagePlugin
2026-04-22 00:49:55 - PIL.Image - DEBUG - Importing ImImagePlugin
2026-04-22 00:49:55 - PIL.Image - DEBUG - Importing ImtImagePlugin
2026-04-22 00:49:55 - PIL.Image - DEBUG - Importing IptcImagePlugin
2026-04-22 00:49:55 - PIL.Image - DEBUG - Importing JpegImagePlugin
2026-04-22 00:49:55 - PIL.Image - DEBUG - Importing Jpeg2KImagePlugin
2026-04-22 00:49:55 - PIL.Image - DEBUG - Importing McIdasImagePlugin
2026-04-22 00:49:55 - PIL.Image - DEBUG - Importing MicImagePlugin
2026-04-22 00:49:55 - PIL.Image - DEBUG - Image: failed to import MicImagePlugin: No module named 'olefile'
2026-04-22 00:49:55 - PIL.Image - DEBUG - Importing MpegImagePlugin
2026-04-22 00:49:55 - PIL.Image - DEBUG - Importing MpoImagePlugin
2026-04-22 00:49:55 - PIL.Image - DEBUG - Importing MspImagePlugin
2026-04-22 00:49:55 - PIL.Image - DEBUG - Importing PalmImagePlugin
2026-04-22 00:49:55 - PIL.Image - DEBUG - Importing PcdImagePlugin
2026-04-22 00:49:55 - PIL.Image - DEBUG - Importing PcxImagePlugin
2026-04-22 00:49:55 - PIL.Image - DEBUG - Importing PdfImagePlugin
2026-04-22 00:49:55 - PIL.Image - DEBUG - Importing PixarImagePlugin
2026-04-22 00:49:55 - PIL.Image - DEBUG - Importing PngImagePlugin
2026-04-22 00:49:55 - PIL.Image - DEBUG - Importing PpmImagePlugin
2026-04-22 00:49:55 - PIL.Image - DEBUG - Importing PsdImagePlugin
2026-04-22 00:49:55 - PIL.Image - DEBUG - Importing QoiImagePlugin
2026-04-22 00:49:55 - PIL.Image - DEBUG - Importing SgiImagePlugin
2026-04-22 00:49:55 - PIL.Image - DEBUG - Importing SpiderImagePlugin
2026-04-22 00:49:55 - PIL.Image - DEBUG - Importing SunImagePlugin
2026-04-22 00:49:55 - PIL.Image - DEBUG - Importing TgaImagePlugin
2026-04-22 00:49:55 - PIL.Image - DEBUG - Importing TiffImagePlugin
2026-04-22 00:49:55 - PIL.Image - DEBUG - Importing WebPImagePlugin
2026-04-22 00:49:55 - PIL.Image - DEBUG - Importing WmfImagePlugin
2026-04-22 00:49:55 - PIL.Image - DEBUG - Importing XbmImagePlugin
2026-04-22 00:49:55 - PIL.Image - DEBUG - Importing XpmImagePlugin
2026-04-22 00:49:55 - PIL.Image - DEBUG - Importing XVThumbImagePlugin
2026-04-22 00:49:56 - httpcore.connection - DEBUG - connect_tcp.started host='huggingface.co' port=443 local_address=None timeout=None socket_options=None
2026-04-22 00:49:56 - httpcore.connection - DEBUG - connect_tcp.started host='api.gradio.app' port=443 local_address=None timeout=3 socket_options=None
2026-04-22 00:49:56 - httpcore.connection - DEBUG - connect_tcp.complete return_value=<httpcore._backends.sync.SyncStream object at 0x710201c0a600>
2026-04-22 00:49:56 - httpcore.connection - DEBUG - start_tls.started ssl_context=<ssl.SSLContext object at 0x710202d2e7d0> server_hostname='huggingface.co' timeout=None
2026-04-22 00:49:56 - httpcore.connection - DEBUG - start_tls.complete return_value=<httpcore._backends.sync.SyncStream object at 0x710202fea900>
2026-04-22 00:49:56 - httpcore.http11 - DEBUG - send_request_headers.started request=<Request [b'HEAD']>
2026-04-22 00:49:56 - httpcore.http11 - DEBUG - send_request_headers.complete
2026-04-22 00:49:56 - httpcore.http11 - DEBUG - send_request_body.started request=<Request [b'HEAD']>
2026-04-22 00:49:56 - httpcore.http11 - DEBUG - send_request_body.complete
2026-04-22 00:49:56 - httpcore.http11 - DEBUG - receive_response_headers.started request=<Request [b'HEAD']>
2026-04-22 00:49:56 - httpcore.connection - DEBUG - connect_tcp.complete return_value=<httpcore._backends.sync.SyncStream object at 0x710201c24bf0>
2026-04-22 00:49:56 - httpcore.connection - DEBUG - start_tls.started ssl_context=<ssl.SSLContext object at 0x710202d2e250> server_hostname='api.gradio.app' timeout=3
2026-04-22 00:49:56 - httpcore.http11 - DEBUG - receive_response_headers.complete return_value=(b'HTTP/1.1', 200, b'OK', [(b'Content-Type', b'text/plain; charset=utf-8'), (b'Content-Length', b'2'), (b'Connection', b'keep-alive'), (b'Date', b'Wed, 22 Apr 2026 07:49:56 GMT'), (b'ETag', b'W/"2-nOO9QiTIwXgNtWtBJezz8kv3SLc"'), (b'X-Powered-By', b'huggingface-moon'), (b'X-Request-Id', b'Root=1-69e87da4-2dac3ba6360f487d0031d6e1;d0b9c287-40b5-41d5-bfdc-4cb908a0b565'), (b'RateLimit', b'"api";r=9999;t=292'), (b'RateLimit-Policy', b'"fixed window";"api";q=10000;w=300'), (b'cross-origin-opener-policy', b'same-origin'), (b'Referrer-Policy', b'strict-origin-when-cross-origin'), (b'Access-Control-Max-Age', b'86400'), (b'Access-Control-Allow-Origin', b'https://huggingface.co'), (b'Vary', b'Origin'), (b'Access-Control-Expose-Headers', b'X-Repo-Commit,X-Request-Id,X-Error-Code,X-Error-Message,X-Total-Count,ETag,Link,Accept-Ranges,Content-Range,X-Linked-Size,X-Linked-ETag,X-Xet-Hash'), (b'X-Cache', b'Miss from cloudfront'), (b'Via', b'1.1 5342441db52e72fa53d28476f9fac652.cloudfront.net (CloudFront)'), (b'X-Amz-Cf-Pop', b'YVR52-P2'), (b'X-Amz-Cf-Id', b'0DOK-5THbV0jqseceZaECSo5hUyyvj03ZdTYqE9veNT9jgCZXTdsNA==')])
2026-04-22 00:49:56 - httpx - INFO - HTTP Request: HEAD https://huggingface.co/api/telemetry/https%3A/api.gradio.app/gradio-initiated-analytics "HTTP/1.1 200 OK"
2026-04-22 00:49:56 - httpcore.http11 - DEBUG - receive_response_body.started request=<Request [b'HEAD']>
2026-04-22 00:49:56 - httpcore.http11 - DEBUG - receive_response_body.complete
2026-04-22 00:49:56 - httpcore.http11 - DEBUG - response_closed.started
2026-04-22 00:49:56 - httpcore.http11 - DEBUG - response_closed.complete
2026-04-22 00:49:56 - httpcore.connection - DEBUG - start_tls.complete return_value=<httpcore._backends.sync.SyncStream object at 0x7102019018e0>
2026-04-22 00:49:56 - httpcore.http11 - DEBUG - send_request_headers.started request=<Request [b'GET']>
2026-04-22 00:49:56 - httpcore.http11 - DEBUG - send_request_headers.complete
2026-04-22 00:49:56 - httpcore.http11 - DEBUG - send_request_body.started request=<Request [b'GET']>
2026-04-22 00:49:56 - httpcore.http11 - DEBUG - send_request_body.complete
2026-04-22 00:49:56 - httpcore.http11 - DEBUG - receive_response_headers.started request=<Request [b'GET']>
2026-04-22 00:49:56 - httpcore.http11 - DEBUG - receive_response_headers.complete return_value=(b'HTTP/1.1', 200, b'OK', [(b'Date', b'Wed, 22 Apr 2026 07:49:57 GMT'), (b'Content-Type', b'application/json'), (b'Content-Length', b'21'), (b'Connection', b'keep-alive'), (b'Server', b'nginx/1.18.0'), (b'Access-Control-Allow-Origin', b'*')])
2026-04-22 00:49:56 - httpx - INFO - HTTP Request: GET https://api.gradio.app/pkg-version "HTTP/1.1 200 OK"
2026-04-22 00:49:56 - httpcore.http11 - DEBUG - receive_response_body.started request=<Request [b'GET']>
2026-04-22 00:49:56 - httpcore.http11 - DEBUG - receive_response_body.complete
2026-04-22 00:49:56 - httpcore.http11 - DEBUG - response_closed.started
2026-04-22 00:49:56 - httpcore.http11 - DEBUG - response_closed.complete
2026-04-22 00:49:56 - httpcore.connection - DEBUG - close.started
2026-04-22 00:49:56 - httpcore.connection - DEBUG - close.complete
2026-04-22 00:51:28 - matplotlib - DEBUG - matplotlib data path: /home/ryanh/projects/ytrec/.venv/lib/python3.12/site-packages/matplotlib/mpl-data
2026-04-22 00:51:28 - matplotlib - DEBUG - CONFIGDIR=/home/ryanh/.config/matplotlib
2026-04-22 00:51:28 - matplotlib - DEBUG - interactive is False
2026-04-22 00:51:28 - matplotlib - DEBUG - platform is linux
2026-04-22 00:51:28 - matplotlib - DEBUG - CACHEDIR=/home/ryanh/.cache/matplotlib
2026-04-22 00:51:28 - matplotlib.font_manager - DEBUG - Using fontManager instance from /home/ryanh/.cache/matplotlib/fontlist-v390.json
2026-04-22 00:51:29 - matplotlib.pyplot - DEBUG - Loaded backend agg version v2.2.
2026-04-22 00:51:29 - googleapiclient.discovery - DEBUG - URL being requested: GET https://youtube.googleapis.com/youtube/v3/search?part=snippet&q=fern&type=channel&relevanceLanguage=en&maxResults=1&key=AIzaSyAlUnnnpjCU00bHclJHtkgP6OlFqcG6JRY&alt=json
2026-04-22 00:51:29 - src.data.fetch_data_given_query_channel - INFO - Found channel: 'fern' (id: UCODHrzPMGbNv67e84WDZhQQ)
2026-04-22 00:51:29 - googleapiclient.discovery - DEBUG - URL being requested: GET https://youtube.googleapis.com/youtube/v3/channels?part=brandingSettings%2CcontentDetails%2Csnippet%2CtopicDetails&id=UCODHrzPMGbNv67e84WDZhQQ&key=AIzaSyAlUnnnpjCU00bHclJHtkgP6OlFqcG6JRY&alt=json
2026-04-22 00:51:29 - googleapiclient.discovery - DEBUG - URL being requested: GET https://youtube.googleapis.com/youtube/v3/playlistItems?part=snippet&playlistId=UUODHrzPMGbNv67e84WDZhQQ&maxResults=50&pageToken=&key=AIzaSyAlUnnnpjCU00bHclJHtkgP6OlFqcG6JRY&alt=json
2026-04-22 00:51:44 - googleapiclient.discovery - DEBUG - URL being requested: GET https://youtube.googleapis.com/youtube/v3/search?part=snippet&q=urinatingtree&type=channel&relevanceLanguage=en&maxResults=1&key=AIzaSyAlUnnnpjCU00bHclJHtkgP6OlFqcG6JRY&alt=json
2026-04-22 00:51:44 - src.data.fetch_data_given_query_channel - INFO - Found channel: 'UrinatingTree' (id: UC8a87KN4-w-ExcGufTeX9KQ)
2026-04-22 00:51:44 - googleapiclient.discovery - DEBUG - URL being requested: GET https://youtube.googleapis.com/youtube/v3/channels?part=brandingSettings%2CcontentDetails%2Csnippet%2CtopicDetails&id=UC8a87KN4-w-ExcGufTeX9KQ&key=AIzaSyAlUnnnpjCU00bHclJHtkgP6OlFqcG6JRY&alt=json
2026-04-22 00:51:44 - googleapiclient.discovery - DEBUG - URL being requested: GET https://youtube.googleapis.com/youtube/v3/playlistItems?part=snippet&playlistId=UU8a87KN4-w-ExcGufTeX9KQ&maxResults=50&pageToken=&key=AIzaSyAlUnnnpjCU00bHclJHtkgP6OlFqcG6JRY&alt=json
2026-04-22 00:52:07 - googleapiclient.discovery - DEBUG - URL being requested: GET https://youtube.googleapis.com/youtube/v3/search?part=snippet&q=sefe&type=channel&relevanceLanguage=en&maxResults=1&key=AIzaSyAlUnnnpjCU00bHclJHtkgP6OlFqcG6JRY&alt=json
2026-04-22 00:52:09 - src.data.fetch_data_given_query_channel - INFO - Found channel: 'S.E.F' (id: UCLqNbhOfqVmYlb10MFGN4bQ)
2026-04-22 00:52:09 - googleapiclient.discovery - DEBUG - URL being requested: GET https://youtube.googleapis.com/youtube/v3/channels?part=brandingSettings%2CcontentDetails%2Csnippet%2CtopicDetails&id=UCLqNbhOfqVmYlb10MFGN4bQ&key=AIzaSyAlUnnnpjCU00bHclJHtkgP6OlFqcG6JRY&alt=json
2026-04-22 00:52:09 - googleapiclient.discovery - DEBUG - URL being requested: GET https://youtube.googleapis.com/youtube/v3/playlistItems?part=snippet&playlistId=UULqNbhOfqVmYlb10MFGN4bQ&maxResults=50&pageToken=&key=AIzaSyAlUnnnpjCU00bHclJHtkgP6OlFqcG6JRY&alt=json
2026-04-22 00:52:13 - googleapiclient.discovery - DEBUG - URL being requested: GET https://youtube.googleapis.com/youtube/v3/search?part=snippet&q=fwefwefwecr+erewrqwerwerweew&type=channel&relevanceLanguage=en&maxResults=1&key=AIzaSyAlUnnnpjCU00bHclJHtkgP6OlFqcG6JRY&alt=json
2026-04-22 00:52:13 - src.data.fetch_data_given_query_channel - WARNING - Could not find channel: fwefwefwecr erewrqwerwerweew
